0 info it worked if it ends with ok
1 verbose cli [ 'node', '/usr/local/bin/npm', 'start' ]
2 info using npm@3.5.3
3 info using node@v0.12.2
4 verbose run-script [ 'prestart', 'start', 'poststart' ]
5 info lifecycle homepage@1.0.0~prestart: homepage@1.0.0
6 silly lifecycle homepage@1.0.0~prestart: no script for prestart, continuing
7 info lifecycle homepage@1.0.0~start: homepage@1.0.0
8 verbose lifecycle homepage@1.0.0~start: unsafe-perm in lifecycle true
9 verbose lifecycle homepage@1.0.0~start: PATH: /usr/local/lib/node_modules/npm/bin/node-gyp-bin:/Users/odran037/Desktop/projects/portfolio/odran037.github.io/node_modules/.bin:/opt/local/bin:/opt/local/sbin:/opt/local/bin:/opt/local/bin:/opt/local/sbin:/opt/local/bin:/opt/local/sbin:/Users/odran037/.rvm/gems/ruby-2.1.5/bin:/Users/odran037/.rvm/gems/ruby-2.1.5@global/bin:/Users/odran037/.rvm/rubies/ruby-2.1.5/bin:/usr/local/bin:/usr/bin:/bin:/usr/sbin:/sbin:/usr/local/git/bin:/Users/odran037/.rvm/bin
10 verbose lifecycle homepage@1.0.0~start: CWD: /Users/odran037/Desktop/projects/portfolio/odran037.github.io
11 silly lifecycle homepage@1.0.0~start: Args: [ '-c',
11 silly lifecycle   'webpack-dev-server --inline --content-base . --history-api-fallback' ]
12 silly lifecycle homepage@1.0.0~start: Returned: code: 1  signal: null
13 info lifecycle homepage@1.0.0~start: Failed to exec start script
14 verbose stack Error: homepage@1.0.0 start: `webpack-dev-server --inline --content-base . --history-api-fallback`
14 verbose stack Exit status 1
14 verbose stack     at EventEmitter.<anonymous> (/usr/local/lib/node_modules/npm/lib/utils/lifecycle.js:232:16)
14 verbose stack     at EventEmitter.emit (events.js:110:17)
14 verbose stack     at ChildProcess.<anonymous> (/usr/local/lib/node_modules/npm/lib/utils/spawn.js:24:14)
14 verbose stack     at ChildProcess.emit (events.js:110:17)
14 verbose stack     at maybeClose (child_process.js:1015:16)
14 verbose stack     at Process.ChildProcess._handle.onexit (child_process.js:1087:5)
15 verbose pkgid homepage@1.0.0
16 verbose cwd /Users/odran037/Desktop/projects/portfolio/odran037.github.io
17 error Darwin 15.4.0
18 error argv "node" "/usr/local/bin/npm" "start"
19 error node v0.12.2
20 error npm  v3.5.3
21 error code ELIFECYCLE
22 error homepage@1.0.0 start: `webpack-dev-server --inline --content-base . --history-api-fallback`
22 error Exit status 1
23 error Failed at the homepage@1.0.0 start script 'webpack-dev-server --inline --content-base . --history-api-fallback'.
23 error Make sure you have the latest version of node.js and npm installed.
23 error If you do, this is most likely a problem with the homepage package,
23 error not with npm itself.
23 error Tell the author that this fails on your system:
23 error     webpack-dev-server --inline --content-base . --history-api-fallback
23 error You can get information on how to open an issue for this project with:
23 error     npm bugs homepage
23 error Or if that isn't available, you can get their info via:
23 error     npm owner ls homepage
23 error There is likely additional logging output above.
24 verbose exit [ 1, true ]
